
 *** In  parser
 --------- file text 
<<<<<<< HEAD
 program testok1(input, output);  
var A, B, C: integer;  

begin
A := B + C * 3
end.


 --------- end of file text 
 



 --------- lexbuf text 
 program
 --------- end of lexbuf text 
 

*** IN HEADER! ***


 *** In  program_header
 --------In match expected:  268, found:  268



 --------- lexbuf text 
 testok1
 --------- end of lexbuf text 
 
 --------In match expected:  258, found:  258



 --------- lexbuf text 
 (
 --------- end of lexbuf text 
 
 --------In match expected:   40, found:   40



 --------- lexbuf text 
 input
 --------- end of lexbuf text 
 
 --------In match expected:  269, found:  269



 --------- lexbuf text 
 ,
 --------- end of lexbuf text 
 
 --------In match expected:   44, found:   44



 --------- lexbuf text 
 output
 --------- end of lexbuf text 
 
 --------In match expected:  270, found:  270



 --------- lexbuf text 
 )
 --------- end of lexbuf text 
 
 --------In match expected:   41, found:   41



 --------- lexbuf text 
 ;
 --------- end of lexbuf text 
 
 --------In match expected:   59, found:   59



 --------- lexbuf text 
 var
 --------- end of lexbuf text 
 

*** IN VAR PART! ***


 *** In  var_part
 --------In match expected:  271, found:  271



 --------- lexbuf text 
 A
 --------- end of lexbuf text 
 
 --------In match expected:  258, found:  258



 --------- lexbuf text 
 ,
 --------- end of lexbuf text 
 
 --------In match expected:   44, found:   44



 --------- lexbuf text 
 B
 --------- end of lexbuf text 
 
 --------In match expected:  258, found:  258



 --------- lexbuf text 
 ,
 --------- end of lexbuf text 
 
 --------In match expected:   44, found:   44



 --------- lexbuf text 
 C
 --------- end of lexbuf text 
 
 --------In match expected:  258, found:  258



 --------- lexbuf text 
 :
 --------- end of lexbuf text 
 
 --------In match expected:   58, found:   58



 --------- lexbuf text 
 integer
 --------- end of lexbuf text 
 
 --------In match expected:  275, found:  275



 --------- lexbuf text 
 ;
 --------- end of lexbuf text 
 
 --------In match expected:   59, found:   59



 --------- lexbuf text 
 begin
 --------- end of lexbuf text 
 

*** IN STAT PART! ***


 *** In  stat_part
 --------In match expected:  272, found:  272



 --------- lexbuf text 
 A
 --------- end of lexbuf text 
 

 match(begin); DONE! 

 --------In match expected:  258, found:  258



 --------- lexbuf text 
 :=
 --------- end of lexbuf text 
 
 --------In match expected:  260, found:  260



 --------- lexbuf text 
 B
 --------- end of lexbuf text 
 
 --------In match expected:  258, found:  258



 --------- lexbuf text 
 +
 --------- end of lexbuf text 
 
 --------In match expected:   43, found:   43



 --------- lexbuf text 
 C
 --------- end of lexbuf text 
 
 --------In match expected:  258, found:  258



 --------- lexbuf text 
 *
 --------- end of lexbuf text 
 
 --------In match expected:   42, found:   42



 --------- lexbuf text 
 3
 --------- end of lexbuf text 
 

 match(number); BEFORE! 

 --------In match expected:  258, found:  258



 --------- lexbuf text 
 end
 --------- end of lexbuf text 
 

 match(number); AFTER! 


 stat_list(); DONE! 

 --------In match expected:  273, found:  273



 --------- lexbuf text 
 .
 --------- end of lexbuf text 
 

 match(end); DONE! 

 --------In match expected:   46, found:   46



 --------- lexbuf text 
 $
 --------- end of lexbuf text 
 

 match('.'); DONE! 


*** RETURNING 1 ***

 
 Parse Successful! 
=======
 
p
r
o
g
r
a
m
 
t
e
s
t
o
k
1
(
i
n
p
u
t
,
 
o
u
t
p
u
t
)
;
 
 


v
a
r
 
A
,
 
B
,
 
C
:
 
i
n
t
e
g
e
r
;
 
 




b
e
g
i
n


A
 
:
=
 
B
 
+
 
C
 
*
 
2
 
 


e
n
d
.




 --------- end of file text 
 
 *** In  program_header
 --------In match expected:  268, found:  268
 --------In match expected:  258, found:  258
 --------In match expected:   40, found:   40
 --------In match expected:  269, found:  269
 --------In match expected:   44, found:   44
 --------In match expected:  270, found:  270
 --------In match expected:   41, found:   41
 --------In match expected:   59, found:   59
 *** In  var_part
 --------In match expected:  271, found:  271
 --------In match expected:  258, found:  258
 --------In match expected:   44, found:   44
 --------In match expected:  258, found:  258
 --------In match expected:   44, found:   44
 --------In match expected:  258, found:  258
 --------In match expected:   58, found:   58
 --------In match expected:  275, found:  275
 --------In match expected:   59, found:   59
 *** In  stat_part
 --------In match expected:  272, found:  272
 --------In match expected:  258, found:  258
 --------In match expected:  260, found:  260
 --------In match expected:  258, found:  258
 --------In match expected:   43, found:   43
 --------In match expected:  258, found:  258
 --------In match expected:   42, found:   42
 --------In match expected:  259, found:  258
 *** Unexpected Token: expected:  259 found:  258 (in match)
 --------In match expected:  273, found:  258
 *** Unexpected Token: expected:  273 found:  258 (in match)
 --------In match expected:   46, found:  258
 *** Unexpected Token: expected:   46 found:  258 (in match) 
 Parse Failed! 
>>>>>>> 5d2f52e96458d03d51c9b62dbf3dfce636fe3119
